  DBEditWizard.vcxproj -> C:\Users\adept\Desktop\DBEditWizard\Debug\DBEditWizard.exe
  C:\Users\adept\Desktop\DBEditWizard\Tools\bbtools-master\bbcf_bbtag_script_parser.py
  C:\Users\adept\Desktop\DBEditWizard\Tools\bbtools-master\bbcf_bbtag_script_rebuilder.py
  C:\Users\adept\Desktop\DBEditWizard\Tools\bbtools-master\bbcpex_compile.py
  C:\Users\adept\Desktop\DBEditWizard\Tools\bbtools-master\bbcpex_extractImages.py
  C:\Users\adept\Desktop\DBEditWizard\Tools\bbtools-master\bbcpex_generate_idapy.py
  C:\Users\adept\Desktop\DBEditWizard\Tools\bbtools-master\bbcpex_obtain.py
  C:\Users\adept\Desktop\DBEditWizard\Tools\bbtools-master\bbcpex_script_hook.py
  C:\Users\adept\Desktop\DBEditWizard\Tools\bbtools-master\bbcpex_script_parser.py
  C:\Users\adept\Desktop\DBEditWizard\Tools\bbtools-master\bbcpex_script_rebuilder.py
  C:\Users\adept\Desktop\DBEditWizard\Tools\bbtools-master\dbfz_script_parser.py
  C:\Users\adept\Desktop\DBEditWizard\Tools\bbtools-master\dbfz_script_parser.pyc
  C:\Users\adept\Desktop\DBEditWizard\Tools\bbtools-master\dbfz_script_rebuilder.py
  C:\Users\adept\Desktop\DBEditWizard\Tools\bbtools-master\deploy_resources.py
  C:\Users\adept\Desktop\DBEditWizard\Tools\bbtools-master\extractHip.py
  C:\Users\adept\Desktop\DBEditWizard\Tools\bbtools-master\gg_rev_script_parser.py
  C:\Users\adept\Desktop\DBEditWizard\Tools\bbtools-master\gg_rev_script_rebuilder.py
  C:\Users\adept\Desktop\DBEditWizard\Tools\bbtools-master\jonbin_parser.py
  C:\Users\adept\Desktop\DBEditWizard\Tools\bbtools-master\named_value_lookup.py
  C:\Users\adept\Desktop\DBEditWizard\Tools\bbtools-master\pac.py
  C:\Users\adept\Desktop\DBEditWizard\Tools\bbtools-master\README.md
  C:\Users\adept\Desktop\DBEditWizard\Tools\bbtools-master\revelator_compile.py
  C:\Users\adept\Desktop\DBEditWizard\Tools\bbtools-master\revelator_obtain.py
  C:\Users\adept\Desktop\DBEditWizard\Tools\bbtools-master\TestCell.dbzscript
  C:\Users\adept\Desktop\DBEditWizard\Tools\bbtools-master\TestCommon.dbzscript
  C:\Users\adept\Desktop\DBEditWizard\Tools\bbtools-master\TestGoku.dbzscript
  C:\Users\adept\Desktop\DBEditWizard\Tools\bbtools-master\static_db\bb\characters.json
  C:\Users\adept\Desktop\DBEditWizard\Tools\bbtools-master\static_db\bb\commandDB.json
  C:\Users\adept\Desktop\DBEditWizard\Tools\bbtools-master\static_db\bb\commandDB_old.json
  C:\Users\adept\Desktop\DBEditWizard\Tools\bbtools-master\static_db\dbfz\Backup 12-20-20.json
  C:\Users\adept\Desktop\DBEditWizard\Tools\bbtools-master\static_db\dbfz\Backup 12-9-20.json
  C:\Users\adept\Desktop\DBEditWizard\Tools\bbtools-master\static_db\dbfz\commandDB.json
  C:\Users\adept\Desktop\DBEditWizard\Tools\bbtools-master\static_db\gg_rev\commandDB.json
  C:\Users\adept\Desktop\DBEditWizard\Tools\bbtools-master\static_db\gg_revelator\characters.json
  C:\Users\adept\Desktop\DBEditWizard\Tools\bbtools-master\static_db\gg_revelator\commandDB.json
  C:\Users\adept\Desktop\DBEditWizard\Tools\bbtools-master\static_db\gg_revelator\named_values\airCounterhitEffect.json
  C:\Users\adept\Desktop\DBEditWizard\Tools\bbtools-master\static_db\gg_revelator\named_values\airHitEffect.json
  C:\Users\adept\Desktop\DBEditWizard\Tools\bbtools-master\static_db\gg_revelator\named_values\groundCounterhitEffect.json
  C:\Users\adept\Desktop\DBEditWizard\Tools\bbtools-master\static_db\gg_revelator\named_values\groundHitEffect.json
  C:\Users\adept\Desktop\DBEditWizard\Tools\bbtools-master\static_db\gg_revelator\named_values\guardType.json
  C:\Users\adept\Desktop\DBEditWizard\Tools\bbtools-master\static_db\gg_revelator\named_values\move_input.json
  C:\Users\adept\Desktop\DBEditWizard\Tools\bbtools-master\static_db\gg_revelator\named_values\move_type.json
  C:\Users\adept\Desktop\DBEditWizard\Tools\UnrealPak\filelist.txt
  C:\Users\adept\Desktop\DBEditWizard\Tools\UnrealPak\pakchunk2-WindowsNoEditor.pak
  C:\Users\adept\Desktop\DBEditWizard\Tools\UnrealPak\UnrealPak-BuildSettings.dll
  C:\Users\adept\Desktop\DBEditWizard\Tools\UnrealPak\UnrealPak-Core.dll
  C:\Users\adept\Desktop\DBEditWizard\Tools\UnrealPak\UnrealPak-Json.dll
  C:\Users\adept\Desktop\DBEditWizard\Tools\UnrealPak\UnrealPak-PakFile.dll
  C:\Users\adept\Desktop\DBEditWizard\Tools\UnrealPak\UnrealPak-PakFileUtilities.dll
  C:\Users\adept\Desktop\DBEditWizard\Tools\UnrealPak\UnrealPak-Projects.dll
  C:\Users\adept\Desktop\DBEditWizard\Tools\UnrealPak\UnrealPak-With-Compression.bat
  C:\Users\adept\Desktop\DBEditWizard\Tools\UnrealPak\UnrealPak-Without-Compression.bat
  C:\Users\adept\Desktop\DBEditWizard\Tools\UnrealPak\UnrealPak.exe
  C:\Users\adept\Desktop\DBEditWizard\Tools\UnrealPak\UnrealPak.modules
  C:\Users\adept\Desktop\DBEditWizard\Tools\UnrealPak\UnrealPak.target
  C:\Users\adept\Desktop\DBEditWizard\Tools\UnrealPak\UnrealUnpak.bat
  C:\Users\adept\Desktop\DBEditWizard\Tools\UnrealPak\xinput1_3.dll
  56 File(s) copied
